<?xml version="1.0" encoding="UTF-8"?>
<!-- Generated by org.testng.reporters.JUnitXMLReporter -->
<testsuite ignored="0" hostname="Ashutosh" failures="0" tests="15" name="TutorialsNinja TestCase" time="49.716" errors="0" timestamp="2023-04-15T10:30:15 IST">
  <testcase classname="com.tutorialninaja.testcases.Register" name="RegisterOnlyMandateFields" time="1.102"/>
  <testcase classname="com.tutorialninaja.testcases.Register" name="RegisterWithAllFields" time="1.274"/>
  <testcase classname="com.tutorialninaja.testcases.Register" name="RegisterWithEmptyData" time="0.41"/>
  <testcase classname="com.tutorialninaja.testcases.Register" name="RegisterWithExistingAccount" time="0.975"/>
  <testcase classname="com.tutorialninaja.testcases.Login" name="VerifyLoginWithValidCredentials" time="0.637"/>
  <testcase classname="com.tutorialninaja.testcases.Login" name="VerifyLoginWithValidCredentials" time="0.609"/>
  <testcase classname="com.tutorialninaja.testcases.Login" name="VerifyLoginWithValidCredentials" time="0.567"/>
  <testcase classname="com.tutorialninaja.testcases.Login" name="VerifyLoginWithValidCredentials" time="0.616"/>
  <testcase classname="com.tutorialninaja.testcases.Login" name="LoginWithInvalidCred" time="0.594"/>
  <testcase classname="com.tutorialninaja.testcases.Login" name="LoginWithInvalidEmail" time="0.608"/>
  <testcase classname="com.tutorialninaja.testcases.Login" name="LoginWithInvalidPassword" time="0.679"/>
  <testcase classname="com.tutorialninaja.testcases.Login" name="LoginWithoutCred" time="0.596"/>
  <testcase classname="com.tutorialninaja.testcases.Search" name="verifySearchWithInvalidProduct" time="0.392"/>
  <testcase classname="com.tutorialninaja.testcases.Search" name="verifySearchWithValidProduct" time="0.491"/>
  <testcase classname="com.tutorialninaja.testcases.Search" name="verifySearchWithoutProduct" time="0.287"/>
</testsuite> <!-- TutorialsNinja TestCase -->
