<?xml version="1.0" encoding="UTF-8"?>
<!-- Generated by org.testng.reporters.JUnitXMLReporter -->
<testsuite ignored="0" hostname="Ashutosh" failures="0" tests="3" name="Default test" time="13.643" errors="0" timestamp="2023-04-12T22:51:37 IST">
  <testcase classname="com.tutorialninaja.testcases.Search" name="verifySearchWithInvalidProduct" time="0.605"/>
  <testcase classname="com.tutorialninaja.testcases.Search" name="verifySearchWithValidProduct" time="0.489"/>
  <testcase classname="com.tutorialninaja.testcases.Search" name="verifySearchWithoutProduct" time="0.312"/>
</testsuite> <!-- Default test -->
